[0317/145541.611:ERROR:http_transport_win.cc(273)] WinHttpSendRequest: The operation completed successfully. (0x0)
[0327/225727.218:ERROR:http_transport_win.cc(276)] WinHttpSendRequest: The operation completed successfully. (0x0)
[0328/174324.572:ERROR:process_memory_win.cc(73)] ReadMemory at 0x72e2d81f80 of 128 bytes failed: Only part of a ReadProcessMemory or WriteProcessMemory request was completed. (0x12B)
[0328/174326.285:ERROR:http_transport_win.cc(276)] WinHttpSendRequest: The operation completed successfully. (0x0)
[0328/200756.970:ERROR:http_transport_win.cc(276)] WinHttpSendRequest: The operation completed successfully. (0x0)
[0330/034718.651:ERROR:http_transport_win.cc(276)] WinHttpSendRequest: The operation completed successfully. (0x0)
[0403/210512.249:ERROR:http_transport_win.cc(276)] WinHttpSendRequest: The operation completed successfully. (0x0)
[0404/100251.992:ERROR:http_transport_win.cc(276)] WinHttpSendRequest: The operation completed successfully. (0x0)
[0422/194602.503:ERROR:http_transport_win.cc(276)] WinHttpSendRequest: The operation completed successfully. (0x0)
[0423/155155.392:ERROR:http_transport_win.cc(276)] WinHttpSendRequest: The operation completed successfully. (0x0)
[0503/201623.488:ERROR:process_info.cc(611)] range at 0x221665e000, size 0x2000 fully unreadable
[0503/201624.440:ERROR:process_info.cc(611)] range at 0x7ff66f99c000, size 0x1788 fully unreadable
[0514/115953.642:ERROR:http_transport_win.cc(276)] WinHttpSendRequest: The operation completed successfully. (0x0)
[0517/091047.151:ERROR:http_transport_win.cc(276)] WinHttpSendRequest: The operation completed successfully. (0x0)
[0609/163102.276:ERROR:process_reader_win.cc(151)] SuspendThread: Access is denied. (0x5)
[0609/163102.618:ERROR:exception_snapshot_win.cc(98)] thread ID 8832 not found in process
[0609/163102.619:ERROR:scoped_process_suspend.cc(40)] NtResumeProcess: An attempt was made to access an exiting process. (0xc000010a)
[0609/210731.265:ERROR:process_reader_win.cc(151)] SuspendThread: Access is denied. (0x5)
[0609/210731.715:ERROR:exception_snapshot_win.cc(98)] thread ID 6736 not found in process
[0703/055628.881:ERROR:process_info.cc(611)] range at 0xcc44c0e000, size 0x2000 fully unreadable
