Arguments: 
  C:\Program Files\nodejs\node.exe C:\Program Files (x86)\Yarn\bin\yarn.js add moment

PATH: 
  c:\program files\graphicsmagick-1.3.31-q16;C:\Program Files (x86)\NVIDIA Corporation\PhysX\Common;C:\ProgramData\Oracle\Java\javapath;C:\Windows\system32;C:\Windows;C:\Windows\System32\Wbem;C:\Windows\System32\WindowsPowerShell\v1.0\;C:\Program Files\nodejs\;C:\Program Files\Git\cmd;C:\flutter\bin\;C:\Program Files (x86)\Yarn\bin\;C:\Program Files\Java\jre-9.0.1;C:\Users\IMEF\AppData\Roaming\npm;C:\Users\IMEF\AppData\Local\Programs\Microsoft VS Code\bin;C:\Program Files (x86)\GnuWin32\bin;C:\Program Files\heroku\bin;C:\Users\IMEF\AppData\Local\Yarn\bin

Yarn version: 
  1.15.2

Node version: 
  10.4.1

Platform: 
  win32 x64

Trace: 
  Error: getaddrinfo ENOTFOUND registry.yarnpkg.com registry.yarnpkg.com:443
      at GetAddrInfoReqWrap.onlookup [as oncomplete] (dns.js:50:26)

npm manifest: 
  {
    "name": "server",
    "version": "1.0.0",
    "description": "",
    "main": "server.js",
    "scripts": {
      "test": "echo \"Error: no test specified\" && exit 1",
      "start": "node server.js",
      "client": "npm start --prefix client",
      "server": "\"set https=true\" && nodemon server.js",
      "dev": "concurrently \"npm run server\" \"npm run client\""
    },
    "keywords": [],
    "author": "",
    "license": "ISC",
    "dependencies": {
      "body-parser": "^1.18.3",
      "cors": "^2.8.5",
      "dotenv": "^6.2.0",
      "express": "^4.16.4",
      "express-async-handler": "^1.1.4",
      "express-session": "^1.15.6",
      "global": "^4.3.2",
      "jsonwebtoken": "^8.5.0",
      "mongoose": "^5.4.17",
      "passport": "^0.4.0",
      "passport-facebook": "^3.0.0",
      "passport-instagram": "^1.0.0",
      "passport-jwt": "^4.0.0",
      "passport-twitter": "^1.0.4",
      "request": "^2.88.0",
      "request-promise": "^4.2.2",
      "socket.io": "^2.2.0",
      "twitter": "^1.7.1"
    },
    "devDependencies": {
      "concurrently": "^4.1.0",
      "https": "^1.0.0",
      "nodemon": "^1.18.9"
    }
  }

yarn manifest: 
  No manifest

Lockfile: 
  No lockfile
